\BOOKMARK [1][-]{Doc-Start}{\376\377\004\022\004\062\004\065\004\064\004\065\004\075\004\070\004\065}{}% 1
\BOOKMARK [1][-]{section.1}{\376\377\004\041\004\100\004\060\004\062\004\075\004\070\004\102\004\065\004\073\004\114\004\075\004\113\004\071\000\040\004\060\004\075\004\060\004\073\004\070\004\067\000\040\004\101\004\103\004\111\004\065\004\101\004\102\004\062\004\103\004\116\004\111\004\070\004\105\000\040\004\100\004\065\004\110\004\065\004\075\004\070\004\071}{}% 2
\BOOKMARK [2][-]{subsection.1.1}{\376\377\004\037\004\076\004\077\004\073\004\060\004\062\004\072\004\076\004\062\004\113\004\071\000\040\004\077\004\073\004\076\004\102\004\075\004\076\004\074\004\065\004\100}{section.1}% 3
\BOOKMARK [2][-]{subsection.1.2}{\376\377\004\023\004\070\004\064\004\100\004\076\004\101\004\102\004\060\004\102\004\070\004\107\004\065\004\101\004\072\004\070\004\071\000\040\004\077\004\073\004\076\004\102\004\075\004\076\004\074\004\065\004\100}{section.1}% 4
\BOOKMARK [2][-]{subsection.1.3}{\376\377\004\022\004\070\004\061\004\100\004\060\004\106\004\070\004\076\004\075\004\075\004\113\004\071\000\040\004\077\004\073\004\076\004\102\004\075\004\076\004\074\004\065\004\100}{section.1}% 5
\BOOKMARK [2][-]{subsection.1.4}{\376\377\004\043\004\073\004\114\004\102\004\100\004\060\004\067\004\062\004\103\004\072\004\076\004\062\004\076\004\071\000\040\004\077\004\073\004\076\004\102\004\075\004\076\004\074\004\065\004\100}{section.1}% 6
\BOOKMARK [1][-]{section.2}{\376\377\004\044\004\103\004\075\004\072\004\106\004\070\004\076\004\075\004\060\004\073\004\114\004\075\004\060\004\117\000\040\004\101\004\105\004\065\004\074\004\060\000\040\004\103\004\101\004\102\004\100\004\076\004\071\004\101\004\102\004\062\004\060}{}% 7
\BOOKMARK [1][-]{section.3}{\376\377\004\041\004\102\004\060\004\102\004\070\004\107\004\065\004\101\004\072\004\070\004\071\000\040\004\100\004\060\004\101\004\107\004\065\004\102\000\040\004\070\000\040\004\062\004\113\004\061\004\076\004\100\000\040\004\115\004\073\004\065\004\074\004\065\004\075\004\102\004\076\004\062}{}% 8
\BOOKMARK [2][-]{subsection.3.1}{\376\377\004\037\004\114\004\065\004\067\004\076\004\115\004\073\004\065\004\074\004\065\004\075\004\102}{section.3}% 9
\BOOKMARK [2][-]{subsection.3.2}{\376\377\004\043\004\101\004\070\004\073\004\070\004\102\004\065\004\073\004\114\000\040\004\075\004\060\004\077\004\100\004\117\004\066\004\065\004\075\004\070\004\117}{section.3}% 10
\BOOKMARK [2][-]{subsection.3.3}{\376\377\004\023\004\065\004\075\004\065\004\100\004\060\004\102\004\076\004\100\000\040\004\067\004\076\004\075\004\064\004\070\004\100\004\103\004\116\004\111\004\070\004\105\000\040\004\070\004\074\004\077\004\103\004\073\004\114\004\101\004\076\004\062}{section.3}% 11
\BOOKMARK [2][-]{subsection.3.4}{\376\377\004\022\004\113\004\061\004\076\004\100\000\040\004\077\004\100\004\070\004\065\004\074\004\076\004\077\004\065\004\100\004\065\004\064\004\060\004\102\004\107\004\070\004\072\004\060}{section.3}% 12
\BOOKMARK [2][-]{subsection.3.5}{\376\377\004\022\004\113\004\061\004\076\004\100\000\040\004\074\004\070\004\072\004\100\004\076\004\072\004\076\004\075\004\102\004\100\004\076\004\073\004\073\004\065\004\100\004\060}{section.3}% 13
\BOOKMARK [2][-]{subsection.3.6}{\376\377\004\022\004\113\004\061\004\076\004\100\000\040\004\061\004\073\004\076\004\072\004\060\000\040\004\077\004\070\004\102\004\060\004\075\004\070\004\117\000F\000R}{section.3}% 14
\BOOKMARK [1][-]{section.4}{\376\377\004\040\004\060\004\067\004\100\004\060\004\061\004\076\004\102\004\072\004\060\000\040\004\077\004\100\004\070\004\075\004\106\004\070\004\077\004\070\004\060\004\073\004\114\004\075\004\076\004\071\000\040\004\101\004\105\004\065\004\074\004\113\000\040\004\103\004\101\004\102\004\100\004\076\004\071\004\101\004\102\004\062\004\060}{}% 15
\BOOKMARK [1][-]{section.4}{\376\377\004\027\004\060\004\072\004\073\004\116\004\107\004\065\004\075\004\070\004\065}{}% 16
\BOOKMARK [1][-]{section*.11}{\376\377\004\041\004\077\004\070\004\101\004\076\004\072\000\040\004\070\004\101\004\077\004\076\004\073\004\114\004\067\004\076\004\062\004\060\004\075\004\075\004\113\004\105\000\040\004\070\004\101\004\102\004\076\004\107\004\075\004\070\004\072\004\076\004\062}{}% 17
\BOOKMARK [1][-]{appendix.1}{\376\377\004\037\004\100\004\070\004\073\004\076\004\066\004\065\004\075\004\070\004\065\000\040\004\020\000\040}{}% 18
\BOOKMARK [1][-]{appendix.2}{\376\377\004\037\004\100\004\070\004\073\004\076\004\066\004\065\004\075\004\070\004\065\000\040\004\021\000\040}{}% 19
\BOOKMARK [1][-]{appendix.3}{\376\377\004\037\004\100\004\070\004\073\004\076\004\066\004\065\004\075\004\070\004\065\000\040\004\022\000\040}{}% 20
\BOOKMARK [1][-]{appendix.4}{\376\377\004\037\004\100\004\070\004\073\004\076\004\066\004\065\004\075\004\070\004\065\000\040\004\023\000\040}{}% 21
\BOOKMARK [1][-]{appendix.5}{\376\377\004\037\004\100\004\070\004\073\004\076\004\066\004\065\004\075\004\070\004\065\000\040\004\024\000\040}{}% 22
